# JRE version: Java(TM) SE Runtime Environment (8.0_66-b17) (build 1.8.0_66-b17)
# Java VM: Java HotSpot(TM) 64-Bit Server VM (25.66-b17 mixed mode bsd-amd64 compressed oops)
Heap:
 PSYoungGen      total 17408K, used 1119K [0x00000007aab00000, 0x00000007abf00000, 0x00000007c0000000)
  eden space 16384K, 1% used [0x00000007aab00000,0x00000007aab42fa0,0x00000007abb00000)
  from space 1024K, 83% used [0x00000007abb00000,0x00000007abbd4d60,0x00000007abc00000)
  to   space 2048K, 0% used [0x00000007abd00000,0x00000007abd00000,0x00000007abf00000)
 ParOldGen       total 73216K, used 9614K [0x0000000780000000, 0x0000000784780000, 0x00000007aab00000)
  object space 73216K, 13% used [0x0000000780000000,0x0000000780963910,0x0000000784780000)
 Metaspace       used 24077K, capacity 24708K, committed 25216K, reserved 1071104K
  class space    used 3111K, capacity 3319K, committed 3456K, reserved 1048576K
GC Heap History (10 events):
Event: 844.835 GC heap before
{Heap before GC invocations=42 (full 20):
 PSYoungGen      total 18944K, used 355K [0x00000007aab00000, 0x00000007ac000000, 0x00000007c0000000)
  eden space 16384K, 0% used [0x00000007aab00000,0x00000007aab00000,0x00000007abb00000)
  from space 2560K, 13% used [0x00000007abd80000,0x00000007abdd8c50,0x00000007ac000000)
  to   space 2560K, 0% used [0x00000007abb00000,0x00000007abb00000,0x00000007abd80000)
 ParOldGen       total 57344K, used 52300K [0x0000000780000000, 0x0000000783800000, 0x00000007aab00000)
  object space 57344K, 91% used [0x0000000780000000,0x0000000783313118,0x0000000783800000)
 Metaspace       used 23925K, capacity 24594K, committed 24960K, reserved 1071104K
  class space    used 3117K, capacity 3336K, committed 3456K, reserved 1048576K
Event: 844.871 GC heap after
Heap after GC invocations=42 (full 20):
 PSYoungGen      total 18944K, used 0K [0x00000007aab00000, 0x00000007ac000000, 0x00000007c0000000)
  eden space 16384K, 0% used [0x00000007aab00000,0x00000007aab00000,0x00000007abb00000)
  from space 2560K, 0% used [0x00000007abd80000,0x00000007abd80000,0x00000007ac000000)
  to   space 2560K, 0% used [0x00000007abb00000,0x00000007abb00000,0x00000007abd80000)
 ParOldGen       total 73216K, used 34544K [0x0000000780000000, 0x0000000784780000, 0x00000007aab00000)
  object space 73216K, 47% used [0x0000000780000000,0x00000007821bc280,0x0000000784780000)
 Metaspace       used 23925K, capacity 24594K, committed 24960K, reserved 1071104K
  class space    used 3117K, capacity 3336K, committed 3456K, reserved 1048576K
}
Event: 4444.872 GC heap before
{Heap before GC invocations=43 (full 20):
 PSYoungGen      total 18944K, used 8898K [0x00000007aab00000, 0x00000007ac000000, 0x00000007c0000000)
  eden space 16384K, 54% used [0x00000007aab00000,0x00000007ab3b0b08,0x00000007abb00000)
  from space 2560K, 0% used [0x00000007abd80000,0x00000007abd80000,0x00000007ac000000)
  to   space 2560K, 0% used [0x00000007abb00000,0x00000007abb00000,0x00000007abd80000)
 ParOldGen       total 73216K, used 34544K [0x0000000780000000, 0x0000000784780000, 0x00000007aab00000)
  object space 73216K, 47% used [0x0000000780000000,0x00000007821bc280,0x0000000784780000)
 Metaspace       used 23942K, capacity 24594K, committed 24960K, reserved 1071104K
  class space    used 3117K, capacity 3336K, committed 3456K, reserved 1048576K
Event: 4444.897 GC heap after
Heap after GC invocations=43 (full 20):
 PSYoungGen      total 18944K, used 524K [0x00000007aab00000, 0x00000007ac000000, 0x00000007c0000000)
  eden space 16384K, 0% used [0x00000007aab00000,0x00000007aab00000,0x00000007abb00000)
  from space 2560K, 20% used [0x00000007abb00000,0x00000007abb83218,0x00000007abd80000)
  to   space 2560K, 0% used [0x00000007abd80000,0x00000007abd80000,0x00000007ac000000)
 ParOldGen       total 73216K, used 43575K [0x0000000780000000, 0x0000000784780000, 0x00000007aab00000)
  object space 73216K, 59% used [0x0000000780000000,0x0000000782a8dca0,0x0000000784780000)
 Metaspace       used 23942K, capacity 24594K, committed 24960K, reserved 1071104K
  class space    used 3117K, capacity 3336K, committed 3456K, reserved 1048576K
}
Event: 4444.897 GC heap before
{Heap before GC invocations=44 (full 21):
 PSYoungGen      total 18944K, used 524K [0x00000007aab00000, 0x00000007ac000000, 0x00000007c0000000)
  eden space 16384K, 0% used [0x00000007aab00000,0x00000007aab00000,0x00000007abb00000)
  from space 2560K, 20% used [0x00000007abb00000,0x00000007abb83218,0x00000007abd80000)
  to   space 2560K, 0% used [0x00000007abd80000,0x00000007abd80000,0x00000007ac000000)
 ParOldGen       total 73216K, used 43575K [0x0000000780000000, 0x0000000784780000, 0x00000007aab00000)
  object space 73216K, 59% used [0x0000000780000000,0x0000000782a8dca0,0x0000000784780000)
 Metaspace       used 23942K, capacity 24594K, committed 24960K, reserved 1071104K
  class space    used 3117K, capacity 3336K, committed 3456K, reserved 1048576K
Event: 4445.083 GC heap after
Heap after GC invocations=44 (full 21):
 PSYoungGen      total 18944K, used 0K [0x00000007aab00000, 0x00000007ac000000, 0x00000007c0000000)
  eden space 16384K, 0% used [0x00000007aab00000,0x00000007aab00000,0x00000007abb00000)
  from space 2560K, 0% used [0x00000007abb00000,0x00000007abb00000,0x00000007abd80000)
  to   space 2560K, 0% used [0x00000007abd80000,0x00000007abd80000,0x00000007ac000000)
 ParOldGen       total 73216K, used 9598K [0x0000000780000000, 0x0000000784780000, 0x00000007aab00000)
  object space 73216K, 13% used [0x0000000780000000,0x000000078095f910,0x0000000784780000)
 Metaspace       used 23790K, capacity 24354K, committed 24960K, reserved 1071104K
  class space    used 3093K, capacity 3292K, committed 3456K, reserved 1048576K
}
Event: 5362.277 GC heap before
{Heap before GC invocations=45 (full 21):
 PSYoungGen      total 18944K, used 16384K [0x00000007aab00000, 0x00000007ac000000, 0x00000007c0000000)
  eden space 16384K, 100% used [0x00000007aab00000,0x00000007abb00000,0x00000007abb00000)
  from space 2560K, 0% used [0x00000007abb00000,0x00000007abb00000,0x00000007abd80000)
  to   space 2560K, 0% used [0x00000007abd80000,0x00000007abd80000,0x00000007ac000000)
 ParOldGen       total 73216K, used 9598K [0x0000000780000000, 0x0000000784780000, 0x00000007aab00000)
  object space 73216K, 13% used [0x0000000780000000,0x000000078095f910,0x0000000784780000)
 Metaspace       used 23928K, capacity 24544K, committed 24960K, reserved 1071104K
  class space    used 3106K, capacity 3313K, committed 3456K, reserved 1048576K
Event: 5362.295 GC heap after
Heap after GC invocations=45 (full 21):
 PSYoungGen      total 18944K, used 521K [0x00000007aab00000, 0x00000007ac000000, 0x00000007c0000000)
  eden space 16384K, 0% used [0x00000007aab00000,0x00000007aab00000,0x00000007abb00000)
  from space 2560K, 20% used [0x00000007abd80000,0x00000007abe026b0,0x00000007ac000000)
  to   space 2560K, 0% used [0x00000007abb00000,0x00000007abb00000,0x00000007abd80000)
 ParOldGen       total 73216K, used 9606K [0x0000000780000000, 0x0000000784780000, 0x00000007aab00000)
  object space 73216K, 13% used [0x0000000780000000,0x0000000780961910,0x0000000784780000)
 Metaspace       used 23928K, capacity 24544K, committed 24960K, reserved 1071104K
  class space    used 3106K, capacity 3313K, committed 3456K, reserved 1048576K
}
Event: 6498.819 GC heap before
{Heap before GC invocations=46 (full 21):
 PSYoungGen      total 18944K, used 16905K [0x00000007aab00000, 0x00000007ac000000, 0x00000007c0000000)
  eden space 16384K, 100% used [0x00000007aab00000,0x00000007abb00000,0x00000007abb00000)
  from space 2560K, 20% used [0x00000007abd80000,0x00000007abe026b0,0x00000007ac000000)
  to   space 2560K, 0% used [0x00000007abb00000,0x00000007abb00000,0x00000007abd80000)
 ParOldGen       total 73216K, used 9606K [0x0000000780000000, 0x0000000784780000, 0x00000007aab00000)
  object space 73216K, 13% used [0x0000000780000000,0x0000000780961910,0x0000000784780000)
 Metaspace       used 24076K, capacity 24708K, committed 25216K, reserved 1071104K
  class space    used 3111K, capacity 3319K, committed 3456K, reserved 1048576K
Event: 6498.822 GC heap after
Heap after GC invocations=46 (full 21):
 PSYoungGen      total 17408K, used 851K [0x00000007aab00000, 0x00000007abf00000, 0x00000007c0000000)
  eden space 16384K, 0% used [0x00000007aab00000,0x00000007aab00000,0x00000007abb00000)
  from space 1024K, 83% used [0x00000007abb00000,0x00000007abbd4d60,0x00000007abc00000)
  to   space 2048K, 0% used [0x00000007abd00000,0x00000007abd00000,0x00000007abf00000)
 ParOldGen       total 73216K, used 9614K [0x0000000780000000, 0x0000000784780000, 0x00000007aab00000)
  object space 73216K, 13% used [0x0000000780000000,0x0000000780963910,0x0000000784780000)
 Metaspace       used 24076K, capacity 24708K, committed 25216K, reserved 1071104K
  class space    used 3111K, capacity 3319K, committed 3456K, reserved 1048576K
}

